<?xml version="1.0" encoding="UTF-8"?>
<!-- Generated by org.testng.reporters.JUnitReportReporter -->
<testsuite skipped="0" hostname="cchauhan-PC" name="com.sfmc.execution.PracticePageTest" tests="2" failures="0" timestamp="2020-05-16T05:20:13 IST" time="38.014" errors="0">
  <testcase name="enterdata" time="17.240" classname="com.sfmc.execution.PracticePageTest"/>
  <system-out/>
  <testcase name="clickbutton" time="20.774" classname="com.sfmc.execution.PracticePageTest"/>
  <system-out/>
</testsuite> <!-- com.sfmc.execution.PracticePageTest -->
